Arguments: 
  D:\Program Files\nodejs\node.exe D:\Program Files (x86)\Yarn\bin\yarn.js install

PATH: 
  ;D:\Python27;H:\ctags58;D:\Program Files\Git\bin;D:\Program Files\nvmw;C:\Program Files (x86)\Common Files\NetSarang;C:\Windows\system32;C:\Windows;C:\Windows\System32\Wbem;C:\Windows\System32\WindowsPowerShell\v1.0\;C:\Program Files\VisualSVN Server\bin;C:\Program Files\TortoiseSVN\bin;D:\Program Files (x86)\Yarn\bin;D:\Program Files\nodejs\;C:\Users\unnKoel\AppData\Local\atom\bin;C:\Users\unnKoel\AppData\Local\Yarn\bin;C:\Users\unnKoel\AppData\Roaming\npm;D:\Program Files\Microsoft VS Code\bin

Yarn version: 
  0.27.5

Node version: 
  8.9.4

Platform: 
  win32 x64

npm manifest: 
  {
    "name": "api-supervisor",
    "version": "1.0.0",
    "description": "api data management",
    "main": "index.js",
    "author": "common",
    "license": "MIT",
    "scripts": {
      "start": "nodemon ./dev.js",
      "test": "jest"
    },
    "dependencies": {
      "express": "^4.16.3",
      "http-proxy-middleware": "^0.18.0",
      "jsondiffpatch": "^0.3.10",
      "lodash": "^4.17.10",
      "lowdb": "^1.0.0",
      "md5": "^2.2.1",
      "mockjs": "^1.0.1-beta3",
      "shortid": "^2.2.8"
    },
    "devDependencies": {
      "babel-core": "^6.26.3",
      "babel-jest": "^23.0.1",
      "babel-plugin-transform-class-properties": "^6.24.1",
      "babel-preset-env": "^1.7.0",
      "babel-register": "^6.26.0",
      "jest": "^23.0.1",
      "nodemon": "^1.17.4",
      "regenerator-runtime": "^0.11.1"
    }
  }

yarn manifest: 
  No manifest

Lockfile: 
  No lockfile

Trace: 
  Error: connect ETIMEDOUT 104.18.96.96:443
      at Object._errnoException (util.js:1022:11)
      at _exceptionWithHostPort (util.js:1044:20)
      at TCPConnectWrap.afterConnect [as oncomplete] (net.js:1182:14)
